<?xml version="1.0" encoding="UTF-8"?>
<!-- Generated by org.testng.reporters.JUnitReportReporter -->
<testsuite hostname="DhavalSh-L1" name="TestCases.Dynamic_Training" tests="1" failures="0" timestamp="12 Sep 2016 22:43:04 GMT" time="115.834" errors="0">
  <testcase name="Blocking_Cancelling_resource" time="115.834" classname="TestCases.Dynamic_Training"/>
</testsuite> <!-- TestCases.Dynamic_Training -->
