<?xml version="1.0" encoding="UTF-8"?>
<!-- Generated by org.testng.reporters.JUnitReportReporter -->
<testsuite hostname="DhavalSh-L1" name="TestCases.ElfuScripts" tests="8" failures="0" timestamp="19 Jan 2017 05:42:46 GMT" time="1526.093" errors="0">
  <testcase name="User_Access" time="113.674" classname="TestCases.ElfuScripts"/>
  <testcase name="Verifying_No_search_resultse" time="85.974" classname="TestCases.ElfuScripts"/>
  <testcase name="Search_Page_UI_Validation" time="171.824" classname="TestCases.ElfuScripts"/>
  <testcase name="Validating_Latest_and_Previous_versions_in_search_results" time="568.687" classname="TestCases.ElfuScripts"/>
  <testcase name="Home_and_Country_Doc_Validation" time="240.805" classname="TestCases.ElfuScripts"/>
  <testcase name="Validating_Language_selection_screen" time="129.297" classname="TestCases.ElfuScripts"/>
  <testcase name="Search_Response_Loading_time" time="86.399" classname="TestCases.ElfuScripts"/>
  <testcase name="Language_selection" time="129.433" classname="TestCases.ElfuScripts"/>
</testsuite> <!-- TestCases.ElfuScripts -->
