<?xml version="1.0" encoding="UTF-8"?>
<!-- Generated by org.testng.reporters.JUnitReportReporter -->
<testsuite hostname="DhavalSh-L1" name="TestCases.ServiceTestClass" tests="1" failures="0" timestamp="22 Dec 2016 21:34:05 GMT" time="18.484" errors="0">
  <testcase name="testMethod" time="18.484" classname="TestCases.ServiceTestClass"/>
</testsuite> <!-- TestCases.ServiceTestClass -->
