<?xml version="1.0" encoding="UTF-8"?>
<!-- Generated by org.testng.reporters.JUnitReportReporter -->
<testsuite hostname="DhavalSh-L1" name="SeleniumALMIntegrationExample2" tests="1" failures="0" timestamp="21 Feb 2017 17:58:26 GMT" time="9.628" errors="0">
  <testcase name="login12" time="9.628" classname="SeleniumALMIntegrationExample2"/>
</testsuite> <!-- SeleniumALMIntegrationExample2 -->
